<?xml version="1.0" encoding="UTF-8"?>
<testng-results ignored="0" total="2" passed="2" failed="0" skipped="0">
  <reporter-output>
  </reporter-output>
  <suite started-at="2023-08-21T06:39:08 IST" name="Suite" finished-at="2023-08-21T06:39:08 IST" duration-ms="74">
    <groups>
    </groups>
    <test started-at="2023-08-21T06:39:08 IST" name="Test" finished-at="2023-08-21T06:39:08 IST" duration-ms="74">
      <class name="Pratice.DemoTest">
        <test-method signature="m1()[pri:0, instance:Pratice.DemoTest@4a883b15]" started-at="2023-08-21T06:39:08 IST" name="m1" finished-at="2023-08-21T06:39:08 IST" duration-ms="13" status="PASS">
          <reporter-output>
          </reporter-output>
        </test-method> <!-- m1 -->
      </class> <!-- Pratice.DemoTest -->
      <class name="Pratice.Demo2">
        <test-method signature="m2()[pri:0, instance:Pratice.Demo2@6c1a5b54]" started-at="2023-08-21T06:39:08 IST" name="m2" finished-at="2023-08-21T06:39:08 IST" duration-ms="2" status="PASS">
          <reporter-output>
          </reporter-output>
        </test-method> <!-- m2 -->
      </class> <!-- Pratice.Demo2 -->
    </test> <!-- Test -->
  </suite> <!-- Suite -->
</testng-results>
